  lc_hards.cpp
c:\users\12225\documents\github\leetcode\leetcode_vs2015\leetcode_vs2015\lc_hards.cpp(52): warning C4018: “>”: 有符号/无符号不匹配
c:\users\12225\documents\github\leetcode\leetcode_vs2015\leetcode_vs2015\lc_hards.cpp(87): warning C4018: “<=”: 有符号/无符号不匹配
c:\users\12225\documents\github\leetcode\leetcode_vs2015\leetcode_vs2015\lc_hards.cpp(90): warning C4018: “<=”: 有符号/无符号不匹配
c:\users\12225\documents\github\leetcode\leetcode_vs2015\leetcode_vs2015\lc_hards.cpp(94): warning C4018: “<=”: 有符号/无符号不匹配
c:\users\12225\documents\github\leetcode\leetcode_vs2015\leetcode_vs2015\lc_hards.cpp(95): warning C4018: “<=”: 有符号/无符号不匹配
c:\users\12225\documents\github\leetcode\leetcode_vs2015\leetcode_vs2015\lc_hards.cpp(114): warning C4018: “<”: 有符号/无符号不匹配
c:\users\12225\documents\github\leetcode\leetcode_vs2015\leetcode_vs2015\lc_hards.cpp(126): warning C4018: “>=”: 有符号/无符号不匹配
c:\users\12225\documents\github\leetcode\leetcode_vs2015\leetcode_vs2015\lc_hards.cpp(128): warning C4018: “<”: 有符号/无符号不匹配
c:\users\12225\documents\github\leetcode\leetcode_vs2015\leetcode_vs2015\lc_hards.cpp(143): warning C4018: “<”: 有符号/无符号不匹配
c:\users\12225\documents\github\leetcode\leetcode_vs2015\leetcode_vs2015\lc_hards.cpp(195): warning C4018: “<”: 有符号/无符号不匹配
c:\users\12225\documents\github\leetcode\leetcode_vs2015\leetcode_vs2015\lc_hards.cpp(203): warning C4018: “<”: 有符号/无符号不匹配
c:\users\12225\documents\github\leetcode\leetcode_vs2015\leetcode_vs2015\lc_hards.cpp(207): warning C4018: “<”: 有符号/无符号不匹配
c:\users\12225\documents\github\leetcode\leetcode_vs2015\leetcode_vs2015\lc_hards.cpp(260): warning C4018: “<”: 有符号/无符号不匹配
c:\users\12225\documents\github\leetcode\leetcode_vs2015\leetcode_vs2015\lc_hards.cpp(269): warning C4018: “<”: 有符号/无符号不匹配
c:\users\12225\documents\github\leetcode\leetcode_vs2015\leetcode_vs2015\lc_hards.cpp(278): warning C4018: “<”: 有符号/无符号不匹配
c:\users\12225\documents\github\leetcode\leetcode_vs2015\leetcode_vs2015\lc_hards.cpp(281): warning C4018: “<”: 有符号/无符号不匹配
c:\users\12225\documents\github\leetcode\leetcode_vs2015\leetcode_vs2015\lc_hards.cpp(294): warning C4018: “<”: 有符号/无符号不匹配
c:\users\12225\documents\github\leetcode\leetcode_vs2015\leetcode_vs2015\lc_hards.cpp(341): warning C4018: “<”: 有符号/无符号不匹配
c:\users\12225\documents\github\leetcode\leetcode_vs2015\leetcode_vs2015\lc_hards.cpp(371): warning C4018: “<”: 有符号/无符号不匹配
c:\users\12225\documents\github\leetcode\leetcode_vs2015\leetcode_vs2015\lc_hards.cpp(416): warning C4018: “<”: 有符号/无符号不匹配
c:\users\12225\documents\github\leetcode\leetcode_vs2015\leetcode_vs2015\lc_hards.cpp(417): warning C4018: “<”: 有符号/无符号不匹配
c:\users\12225\documents\github\leetcode\leetcode_vs2015\leetcode_vs2015\lc_hards.cpp(439): warning C4018: “<=”: 有符号/无符号不匹配
c:\users\12225\documents\github\leetcode\leetcode_vs2015\leetcode_vs2015\lc_hards.cpp(449): warning C4018: “<=”: 有符号/无符号不匹配
c:\users\12225\documents\github\leetcode\leetcode_vs2015\leetcode_vs2015\lc_hards.cpp(473): warning C4018: “<=”: 有符号/无符号不匹配
  leetcode_vs2015.vcxproj -> C:\Users\12225\Documents\GitHub\leetcode\leetcode_vs2015\Debug\leetcode_vs2015.exe
  leetcode_vs2015.vcxproj -> C:\Users\12225\Documents\GitHub\leetcode\leetcode_vs2015\Debug\leetcode_vs2015.pdb (Full PDB)
